{"level":"info","message":"Posts obtidos com sucesso","service":"user-service"}
{"level":"info","message":"Posts obtidos com sucesso","service":"user-service"}
{"level":"info","message":"Posts obtidos com sucesso","service":"user-service"}
{"level":"info","message":"Posts obtidos com sucesso","service":"user-service"}
{"level":"info","message":"Posts obtidos com sucesso","service":"user-service"}
{"level":"info","message":"Posts obtidos com sucesso","service":"user-service"}
{"level":"info","message":"Posts obtidos com sucesso","service":"user-service"}
{"level":"info","message":"Posts obtidos com sucesso","service":"user-service"}
{"level":"info","message":"Posts obtidos com sucesso","service":"user-service"}
{"level":"info","message":"Posts obtidos com sucesso","service":"user-service"}
{"level":"info","message":"Posts obtidos com sucesso","service":"user-service"}
{"level":"info","message":"Posts obtidos com sucesso","service":"user-service"}
{"level":"info","message":"Posts obtidos com sucesso","service":"user-service"}
{"level":"info","message":"Posts obtidos com sucesso","service":"user-service"}
{"level":"info","message":"Posts obtidos com sucesso","service":"user-service"}
{"level":"info","message":"Posts obtidos com sucesso","service":"user-service"}
{"level":"info","message":"Posts obtidos com sucesso","service":"user-service"}
{"level":"info","message":"Posts obtidos com sucesso","service":"user-service"}
{"level":"info","message":"Posts obtidos com sucesso","service":"user-service"}
{"level":"info","message":"Posts obtidos com sucesso","service":"user-service"}
{"level":"info","message":"Posts obtidos com sucesso","service":"user-service"}
{"level":"info","message":"Posts obtidos com sucesso","service":"user-service"}
{"level":"info","message":"Posts obtidos com sucesso","service":"user-service"}
{"level":"info","message":"Posts obtidos com sucesso","service":"user-service"}
{"level":"info","message":"Posts obtidos com sucesso","service":"user-service"}
{"level":"info","message":"Posts obtidos com sucesso","service":"user-service"}
{"level":"info","message":"Posts obtidos com sucesso","service":"user-service"}
{"level":"info","message":"Posts obtidos com sucesso","service":"user-service"}
{"level":"info","message":"Posts obtidos com sucesso","service":"user-service"}
{"level":"error","message":"Ops, algo deu errado: prisma is not defined","service":"user-service"}
{"level":"error","message":"Ops, algo deu errado: prisma is not defined","service":"user-service"}
{"level":"error","message":"Ops, alguma coisa correu mal","service":"user-service"}
{"level":"error","message":"Ops, alguma coisa correu mal","service":"user-service"}
{"level":"error","message":"Ops, alguma coisa correu mal","service":"user-service"}
{"level":"error","message":"Ops, alguma coisa correu mal","service":"user-service"}
{"level":"error","message":"Ops, alguma coisa correu mal","service":"user-service"}
{"level":"info","message":"Posts obtidos com sucesso","service":"user-service"}
{"level":"info","message":"Posts obtidos com sucesso","service":"user-service"}
{"level":"info","message":"Posts obtidos com sucesso","service":"user-service"}
{"level":"info","message":"Posts obtidos com sucesso","service":"user-service"}
{"level":"info","message":"Posts obtidos com sucesso","service":"user-service"}
{"level":"info","message":"Posts obtidos com sucesso","service":"user-service"}
{"level":"info","message":"Posts obtidos com sucesso","service":"user-service"}
{"level":"info","message":"Posts obtidos com sucesso","service":"user-service"}
{"level":"info","message":"Posts obtidos com sucesso","service":"user-service"}
{"level":"info","message":"Posts obtidos com sucesso","service":"user-service"}
{"level":"info","message":"Posts obtidos com sucesso","service":"user-service"}
{"level":"info","message":"Posts obtidos com sucesso","service":"user-service"}
{"level":"info","message":"Posts obtidos com sucesso","service":"user-service"}
{"level":"info","message":"Posts obtidos com sucesso","service":"user-service"}
{"level":"info","message":"Posts obtidos com sucesso","service":"user-service"}
{"level":"info","message":"Posts obtidos com sucesso","service":"user-service"}
{"level":"info","message":"Posts obtidos com sucesso","service":"user-service"}
{"level":"info","message":"Posts obtidos com sucesso","service":"user-service"}
{"level":"info","message":"Posts obtidos com sucesso","service":"user-service"}
{"level":"info","message":"Posts obtidos com sucesso","service":"user-service"}
{"level":"info","message":"Posts obtidos com sucesso","service":"user-service"}
{"level":"info","message":"Posts obtidos com sucesso","service":"user-service"}
{"level":"info","message":"Posts obtidos com sucesso","service":"user-service"}
{"level":"info","message":"Posts obtidos com sucesso","service":"user-service"}
{"level":"info","message":"Posts obtidos com sucesso","service":"user-service"}
{"level":"info","message":"Posts obtidos com sucesso","service":"user-service"}
{"level":"info","message":"Posts obtidos com sucesso","service":"user-service"}
{"level":"info","message":"Posts obtidos com sucesso","service":"user-service"}
{"level":"info","message":"Posts obtidos com sucesso","service":"user-service"}
{"level":"info","message":"Posts obtidos com sucesso","service":"user-service"}
{"level":"info","message":"Posts obtidos com sucesso","service":"user-service"}
{"level":"info","message":"Posts obtidos com sucesso","service":"user-service"}
{"level":"info","message":"Posts obtidos com sucesso","service":"user-service"}
{"level":"info","message":"Posts obtidos com sucesso","service":"user-service"}
{"level":"info","message":"Posts obtidos com sucesso","service":"user-service"}
{"level":"info","message":"Posts obtidos com sucesso","service":"user-service"}
{"level":"info","message":"Posts obtidos com sucesso","service":"user-service"}
{"level":"info","message":"Posts obtidos com sucesso","service":"user-service"}
{"level":"error","message":"Nenhum post encontrado com o slug: construindo-spa-com-vuej","service":"user-service"}
{"level":"error","message":"Erro ao obter posts: Cannot read properties of null (reading 'length')","service":"user-service"}
{"level":"error","message":"Erro ao obter posts: Cannot read properties of null (reading 'length')","service":"user-service"}
{"level":"info","message":"Posts obtidos com sucesso","service":"user-service"}
{"level":"info","message":"Posts obtidos com sucesso","service":"user-service"}
{"level":"info","message":"Posts obtidos com sucesso","service":"user-service"}
{"level":"error","message":"Nenhum post encontrado com o slug: construindo-spa-com-vuej","service":"user-service"}
{"level":"error","message":"Erro ao obter posts: Invalid redirect arguments. Please use a single argument URL, e.g. res.redirect('/destination') or use a status code and URL, e.g. res.redirect(307, '/destination').","service":"user-service"}
{"level":"error","message":"Nenhum post encontrado com o slug: construindo-spa-com-vuej","service":"user-service"}
{"level":"error","message":"Erro ao obter posts: Invalid redirect arguments. Please use a single argument URL, e.g. res.redirect('/destination') or use a status code and URL, e.g. res.redirect(307, '/destination').","service":"user-service"}
{"level":"error","message":"Nenhum post encontrado com o slug: construindo-spa-com-vuej","service":"user-service"}
{"level":"error","message":"Erro ao obter posts: Invalid redirect arguments. Please use a single argument URL, e.g. res.redirect('/destination') or use a status code and URL, e.g. res.redirect(307, '/destination').","service":"user-service"}
{"level":"error","message":"Nenhum post encontrado com o slug: construindo-spa-com-vuej","service":"user-service"}
{"level":"error","message":"Erro ao obter posts: Invalid redirect arguments. Please use a single argument URL, e.g. res.redirect('/destination') or use a status code and URL, e.g. res.redirect(307, '/destination').","service":"user-service"}
{"level":"info","message":"Posts obtidos com sucesso","service":"user-service"}
{"level":"error","message":"Nenhum post encontrado com o slug: construindo-spa-com-vuej","service":"user-service"}
{"level":"error","message":"Erro ao obter posts: Invalid redirect arguments. Please use a single argument URL, e.g. res.redirect('/destination') or use a status code and URL, e.g. res.redirect(307, '/destination').","service":"user-service"}
{"level":"error","message":"Nenhum post encontrado com o slug: construindo-spa-com-vuej","service":"user-service"}
{"level":"error","message":"Nenhum post encontrado com o slug: construindo-spa-com-vuej","service":"user-service"}
{"level":"error","message":"Nenhum post encontrado com o slug: construindo-spa-com-vuej","service":"user-service"}
{"level":"error","message":"Erro ao obter posts: Nenhum post encontrado com o slug: construindo-spa-com-vuej","service":"user-service"}
{"level":"error","message":"Nenhum post encontrado com o slug: construindo-spa-com-vuej","service":"user-service"}
{"level":"error","message":"Erro ao obter posts: Nenhum post encontrado com o slug: construindo-spa-com-vuej","service":"user-service"}
{"level":"info","message":"Posts obtidos com sucesso","service":"user-service"}
{"level":"error","message":"Nenhum post encontrado com o slug: construindo-spa-com-vuej","service":"user-service"}
{"level":"error","message":"Erro ao obter posts: Nenhum post encontrado com o slug: construindo-spa-com-vuej","service":"user-service"}
{"level":"error","message":"Nenhum post encontrado com o slug: construindo-spa-com-vuej","service":"user-service"}
{"level":"error","message":"Erro ao obter posts: Nenhum post encontrado com o slug: construindo-spa-com-vuej","service":"user-service"}
{"level":"error","message":"Nenhum post encontrado com o slug: construindo-spa-com-vuej","service":"user-service"}
{"level":"error","message":"Erro ao obter posts: Nenhum post encontrado com o slug: construindo-spa-com-vuej","service":"user-service"}
{"level":"error","message":"Nenhum post encontrado com o slug: construindo-spa-com-vuej","service":"user-service"}
{"level":"error","message":"Erro ao obter posts: Nenhum post encontrado com o slug: construindo-spa-com-vuej","service":"user-service"}
{"level":"error","message":"Nenhum post encontrado com o slug: construindo-spa-com-vuej","service":"user-service"}
{"level":"error","message":"Erro ao obter posts: Nenhum post encontrado com o slug: construindo-spa-com-vuej","service":"user-service"}
{"level":"info","message":"Posts obtidos com sucesso","service":"user-service"}
{"level":"error","message":"Nenhum post encontrado com o slug: construindo-spa-com-vuej","service":"user-service"}
{"level":"error","message":"Erro ao obter posts: Nenhum post encontrado com o slug: construindo-spa-com-vuej","service":"user-service"}
{"level":"error","message":"Nenhum post encontrado com o slug: construindo-spa-com-vuej","service":"user-service"}
{"level":"error","message":"Erro ao obter posts: Nenhum post encontrado com o slug: construindo-spa-com-vuej","service":"user-service"}
{"level":"error","message":"Nenhum post encontrado com o slug: construindo-spa-com-vuej","service":"user-service"}
{"level":"error","message":"Erro ao obter posts: Nenhum post encontrado com o slug: construindo-spa-com-vuej","service":"user-service"}
{"level":"error","message":"Nenhum post encontrado com o slug: construindo-spa-com-vuej","service":"user-service"}
{"level":"error","message":"Erro ao obter posts: Nenhum post encontrado com o slug: construindo-spa-com-vuej","service":"user-service"}
{"level":"error","message":"Nenhum post encontrado com o slug: construindo-spa-com-vuej","service":"user-service"}
{"level":"error","message":"Erro ao obter posts: Nenhum post encontrado com o slug: construindo-spa-com-vuej","service":"user-service"}
{"level":"error","message":"Nenhum post encontrado com o slug: construindo-spa-com-vuej","service":"user-service"}
{"level":"error","message":"Erro ao obter posts: Nenhum post encontrado com o slug: construindo-spa-com-vuej","service":"user-service"}
{"level":"error","message":"Nenhum post encontrado com o slug: construindo-spa-com-vuej","service":"user-service"}
{"level":"error","message":"Erro ao obter posts: Nenhum post encontrado com o slug: construindo-spa-com-vuej","service":"user-service"}
{"level":"error","message":"Nenhum post encontrado com o slug: construindo-spa-com-vuej","service":"user-service"}
{"level":"error","message":"Erro ao obter posts: Nenhum post encontrado com o slug: construindo-spa-com-vuej","service":"user-service"}
{"level":"info","message":"Posts obtidos com sucesso","service":"user-service"}
{"level":"error","message":"Nenhum post encontrado com o slug: construindo-spa-com-vuej","service":"user-service"}
{"level":"error","message":"Erro ao obter posts: Nenhum post encontrado com o slug: construindo-spa-com-vuej","service":"user-service"}
{"level":"error","message":"Nenhum post encontrado com o slug: construindo-spa-com-vuej","service":"user-service"}
{"level":"error","message":"Erro ao obter posts: Nenhum post encontrado com o slug: construindo-spa-com-vuej","service":"user-service"}
{"level":"error","message":"Nenhum post encontrado com o slug: construindo-spa-com-vuej","service":"user-service"}
{"level":"error","message":"Erro ao obter posts: Nenhum post encontrado com o slug: construindo-spa-com-vuej","service":"user-service"}
{"level":"error","message":"Nenhum post encontrado com o slug: construindo-spa-com-vuej","service":"user-service"}
{"level":"error","message":"Erro ao obter posts: Nenhum post encontrado com o slug: construindo-spa-com-vuej","service":"user-service"}
{"level":"error","message":"Nenhum post encontrado com o slug: construindo-spa-com-vuej","service":"user-service"}
{"level":"error","message":"Erro ao obter posts: Nenhum post encontrado com o slug: construindo-spa-com-vuej","service":"user-service"}
{"level":"error","message":"Nenhum post encontrado com o slug: construindo-spa-com-vuej","service":"user-service"}
{"level":"error","message":"Erro ao obter posts: Nenhum post encontrado com o slug: construindo-spa-com-vuej","service":"user-service"}
{"level":"error","message":"Nenhum post encontrado com o slug: construindo-spa-com-vuej","service":"user-service"}
{"level":"error","message":"Erro ao obter posts: Nenhum post encontrado com o slug: construindo-spa-com-vuej","service":"user-service"}
{"level":"error","message":"Nenhum post encontrado com o slug: construindo-spa-com-vuej","service":"user-service"}
{"level":"error","message":"Erro ao obter posts: Nenhum post encontrado com o slug: construindo-spa-com-vuej","service":"user-service"}
{"level":"error","message":"Nenhum post encontrado com o slug: construindo-spa-com-vuej","service":"user-service"}
{"level":"error","message":"Erro ao obter posts: Nenhum post encontrado com o slug: construindo-spa-com-vuej","service":"user-service"}
{"level":"error","message":"Nenhum post encontrado com o slug: construindo-spa-com-vuej","service":"user-service"}
{"level":"error","message":"Erro ao obter posts: Nenhum post encontrado com o slug: construindo-spa-com-vuej","service":"user-service"}
{"level":"error","message":"Nenhum post encontrado com o slug: construindo-spa-com-vuej","service":"user-service"}
{"level":"error","message":"Erro ao obter posts: Nenhum post encontrado com o slug: construindo-spa-com-vuej","service":"user-service"}
{"level":"error","message":"Nenhum post encontrado com o slug: construindo-spa-com-vuej","service":"user-service"}
{"level":"error","message":"Erro ao obter posts: Nenhum post encontrado com o slug: construindo-spa-com-vuej","service":"user-service"}
{"level":"error","message":"Nenhum post encontrado com o slug: construindo-spa-com-vuej","service":"user-service"}
{"level":"error","message":"Erro ao obter posts: Nenhum post encontrado com o slug: construindo-spa-com-vuej","service":"user-service"}
{"level":"error","message":"Nenhum post encontrado com o slug: construindo-spa-com-vuej","service":"user-service"}
{"level":"error","message":"Erro ao obter posts: Nenhum post encontrado com o slug: construindo-spa-com-vuej","service":"user-service"}
{"level":"error","message":"Nenhum post encontrado com o slug: construindo-spa-com-vuej","service":"user-service"}
{"level":"error","message":"Erro ao obter posts: Nenhum post encontrado com o slug: construindo-spa-com-vuej","service":"user-service"}
{"level":"error","message":"Nenhum post encontrado com o slug: construindo-spa-com-vuej","service":"user-service"}
{"level":"error","message":"Erro ao obter posts: Nenhum post encontrado com o slug: construindo-spa-com-vuej","service":"user-service"}
{"level":"error","message":"Nenhum post encontrado com o slug: construindo-spa-com-vuej","service":"user-service"}
{"level":"error","message":"Erro ao obter posts: Nenhum post encontrado com o slug: construindo-spa-com-vuej","service":"user-service"}
{"level":"info","message":"Posts obtidos com sucesso","service":"user-service"}
{"level":"info","message":"Posts obtidos com sucesso","service":"user-service"}
{"level":"info","message":"Posts obtidos com sucesso","service":"user-service"}
{"level":"info","message":"Posts obtidos com sucesso","service":"user-service"}
{"level":"error","message":"Ops, algo deu errado: \nInvalid `prisma.post.findMany()` invocation:\n\n\nThe table `public.Post` does not exist in the current database.","service":"user-service"}
{"level":"info","message":"Posts obtidos com sucesso","service":"user-service"}
{"level":"info","message":"Posts obtidos com sucesso","service":"user-service"}
{"level":"info","message":"Posts obtidos com sucesso","service":"user-service"}
{"level":"info","message":"Posts obtidos com sucesso","service":"user-service"}
{"level":"info","message":"Posts obtidos com sucesso","service":"user-service"}
{"level":"info","message":"Posts obtidos com sucesso","service":"user-service"}
{"level":"info","message":"Posts obtidos com sucesso","service":"user-service"}
{"level":"info","message":"Posts obtidos com sucesso","service":"user-service"}
{"level":"info","message":"Posts obtidos com sucesso","service":"user-service"}
{"level":"info","message":"Posts obtidos com sucesso","service":"user-service"}
{"level":"info","message":"Posts obtidos com sucesso","service":"user-service"}
{"level":"info","message":"Posts obtidos com sucesso","service":"user-service"}
{"level":"info","message":"Posts obtidos com sucesso","service":"user-service"}
{"level":"info","message":"Posts obtidos com sucesso","service":"user-service"}
{"level":"info","message":"Posts obtidos com sucesso","service":"user-service"}
{"level":"info","message":"Posts obtidos com sucesso","service":"user-service"}
{"level":"info","message":"Posts obtidos com sucesso","service":"user-service"}
{"level":"info","message":"Posts obtidos com sucesso","service":"user-service"}
{"level":"info","message":"Posts obtidos com sucesso","service":"user-service"}
{"level":"info","message":"Posts obtidos com sucesso","service":"user-service"}
{"level":"info","message":"Posts obtidos com sucesso","service":"user-service"}
{"level":"info","message":"Posts obtidos com sucesso","service":"user-service"}
{"level":"info","message":"Posts obtidos com sucesso","service":"user-service"}
{"level":"info","message":"Posts obtidos com sucesso","service":"user-service"}
{"level":"info","message":"Posts obtidos com sucesso","service":"user-service"}
{"level":"info","message":"Posts obtidos com sucesso","service":"user-service"}
{"level":"info","message":"Posts obtidos com sucesso","service":"user-service"}
{"level":"info","message":"Posts obtidos com sucesso","service":"user-service"}
{"level":"info","message":"Posts obtidos com sucesso","service":"user-service"}
{"level":"info","message":"Posts obtidos com sucesso","service":"user-service"}
{"level":"info","message":"Posts obtidos com sucesso","service":"user-service"}
{"level":"info","message":"Posts obtidos com sucesso","service":"user-service"}
{"level":"info","message":"Posts obtidos com sucesso","service":"user-service"}
{"level":"info","message":"Posts obtidos com sucesso","service":"user-service"}
{"level":"info","message":"Posts obtidos com sucesso","service":"user-service"}
{"level":"info","message":"Posts obtidos com sucesso","service":"user-service"}
{"level":"info","message":"Posts obtidos com sucesso","service":"user-service"}
{"level":"info","message":"Posts obtidos com sucesso","service":"user-service"}
{"level":"info","message":"Posts obtidos com sucesso","service":"user-service"}
{"level":"info","message":"Posts obtidos com sucesso","service":"user-service"}
{"level":"info","message":"Posts obtidos com sucesso","service":"user-service"}
{"level":"info","message":"Posts obtidos com sucesso","service":"user-service"}
{"level":"info","message":"Posts obtidos com sucesso","service":"user-service"}
{"level":"info","message":"Posts obtidos com sucesso","service":"user-service"}
{"level":"info","message":"Posts obtidos com sucesso","service":"user-service"}
{"level":"info","message":"Posts obtidos com sucesso","service":"user-service"}
{"level":"info","message":"Posts obtidos com sucesso","service":"user-service"}
{"level":"info","message":"Posts obtidos com sucesso","service":"user-service"}
{"level":"info","message":"Posts obtidos com sucesso","service":"user-service"}
{"level":"info","message":"Posts obtidos com sucesso","service":"user-service"}
{"level":"info","message":"Posts obtidos com sucesso","service":"user-service"}
{"level":"info","message":"Posts obtidos com sucesso","service":"user-service"}
{"level":"info","message":"Posts obtidos com sucesso","service":"user-service"}
{"level":"info","message":"Posts obtidos com sucesso","service":"user-service"}
{"level":"info","message":"Posts obtidos com sucesso","service":"user-service"}
{"level":"info","message":"Posts obtidos com sucesso","service":"user-service"}
{"level":"info","message":"Posts obtidos com sucesso","service":"user-service"}
{"level":"info","message":"Posts obtidos com sucesso","service":"user-service"}
{"level":"info","message":"Posts obtidos com sucesso","service":"user-service"}
{"level":"info","message":"Posts obtidos com sucesso","service":"user-service"}
{"level":"info","message":"Posts obtidos com sucesso","service":"user-service"}
{"level":"info","message":"Posts obtidos com sucesso","service":"user-service"}
{"level":"info","message":"Posts obtidos com sucesso","service":"user-service"}
{"level":"info","message":"Posts obtidos com sucesso","service":"user-service"}
{"level":"info","message":"Posts obtidos com sucesso","service":"user-service"}
{"level":"info","message":"Posts obtidos com sucesso","service":"user-service"}
{"level":"info","message":"Posts obtidos com sucesso","service":"user-service"}
{"level":"info","message":"Posts obtidos com sucesso","service":"user-service"}
{"level":"info","message":"Posts obtidos com sucesso","service":"user-service"}
{"level":"info","message":"Posts obtidos com sucesso","service":"user-service"}
{"level":"info","message":"Posts obtidos com sucesso","service":"user-service"}
{"level":"info","message":"Posts obtidos com sucesso","service":"user-service"}
{"level":"info","message":"Posts obtidos com sucesso","service":"user-service"}
{"level":"info","message":"Posts obtidos com sucesso","service":"user-service"}
{"level":"info","message":"Posts obtidos com sucesso","service":"user-service"}
{"level":"info","message":"Posts obtidos com sucesso","service":"user-service"}
{"level":"info","message":"Posts obtidos com sucesso","service":"user-service"}
{"level":"info","message":"Posts obtidos com sucesso","service":"user-service"}
{"level":"info","message":"Posts obtidos com sucesso","service":"user-service"}
{"level":"info","message":"Posts obtidos com sucesso","service":"user-service"}
{"level":"info","message":"Posts obtidos com sucesso","service":"user-service"}
{"level":"info","message":"Posts obtidos com sucesso","service":"user-service"}
{"level":"info","message":"Posts obtidos com sucesso","service":"user-service"}
{"level":"info","message":"Posts obtidos com sucesso","service":"user-service"}
{"level":"info","message":"Posts obtidos com sucesso","service":"user-service"}
{"level":"info","message":"Posts obtidos com sucesso","service":"user-service"}
{"level":"info","message":"Posts obtidos com sucesso","service":"user-service"}
{"level":"info","message":"Posts obtidos com sucesso","service":"user-service"}
{"level":"info","message":"Posts obtidos com sucesso","service":"user-service"}
{"level":"info","message":"Posts obtidos com sucesso","service":"user-service"}
{"level":"info","message":"Posts obtidos com sucesso","service":"user-service"}
{"level":"info","message":"Posts obtidos com sucesso","service":"user-service"}
{"level":"info","message":"Posts obtidos com sucesso","service":"user-service"}
{"level":"info","message":"Posts obtidos com sucesso","service":"user-service"}
{"level":"error","message":"Erro ao obter posts: \nInvalid `prisma.post.findFirst()` invocation:\n\n{\n  where: {\n    slug: \"construindo-spa-com-vuejs\"\n  },\n  include: {\n    author: true,\n    comments: {\n      include: {\n      ~~~~~~~\n        author: true\n      },\n      select: {\n      ~~~~~~\n        id: true,\n        body: true,\n        postId: true,\n        parentId: true,\n        author: {\n          select: {\n            username: true,\n            avatar: true\n          }\n        }\n      }\n    }\n  }\n}\n\nPlease either use `include` or `select`, but not both at the same time.","service":"user-service"}
{"level":"error","message":"Erro ao obter posts: \nInvalid `prisma.post.findFirst()` invocation:\n\n{\n  where: {\n    slug: \"construindo-spa-com-vuejs\"\n  },\n  include: {\n    author: true,\n    comments: {\n      include: {\n        id: true,\n        ~~\n        body: true,\n        postId: true,\n        parentId: true,\n        author: {\n          include: {\n            username: true,\n            avatar: true\n          }\n        },\n?       post?: true,\n?       author?: true,\n?       parent?: true,\n?       children?: true\n      }\n    }\n  }\n}\n\nInvalid scalar field `id` for include statement on model Comment. Available options are marked with ?.\nNote that include statements only accept relation fields.","service":"user-service"}
{"level":"error","message":"Erro ao obter posts: \nInvalid `prisma.post.findFirst()` invocation:\n\n{\n  where: {\n    slug: \"construindo-spa-com-vuejs\"\n  },\n  include: {\n    author: true,\n    comments: {\n      include: {\n        id: true,\n        ~~\n        body: true,\n        postId: true,\n        parentId: true,\n        author: {\n          include: {\n            username: true,\n            avatar: true\n          }\n        },\n?       post?: true,\n?       author?: true,\n?       parent?: true,\n?       children?: true\n      }\n    }\n  }\n}\n\nInvalid scalar field `id` for include statement on model Comment. Available options are marked with ?.\nNote that include statements only accept relation fields.","service":"user-service"}
{"level":"error","message":"Erro ao obter posts: \nInvalid `prisma.post.findFirst()` invocation:\n\n{\n  where: {\n    slug: \"construindo-spa-com-vuejs\"\n  },\n  include: {\n    author: true,\n    comments: {\n      include: {\n        body: true,\n        ~~~~\n        postId: true,\n        parentId: true,\n        author: {\n          include: {\n            username: true,\n            avatar: true\n          }\n        },\n?       post?: true,\n?       author?: true,\n?       parent?: true,\n?       children?: true\n      }\n    }\n  }\n}\n\nInvalid scalar field `body` for include statement on model Comment. Available options are marked with ?.\nNote that include statements only accept relation fields.","service":"user-service"}
{"level":"error","message":"Erro ao obter posts: \nInvalid `prisma.post.findFirst()` invocation:\n\n{\n  where: {\n    slug: \"construindo-spa-com-vuejs\"\n  },\n  include: {\n    author: true,\n    comments: {\n      include: {\n        postId: true,\n        ~~~~~~\n        parentId: true,\n        author: {\n          include: {\n            username: true,\n            avatar: true\n          }\n        },\n?       post?: true,\n?       author?: true,\n?       parent?: true,\n?       children?: true\n      }\n    }\n  }\n}\n\nInvalid scalar field `postId` for include statement on model Comment. Available options are marked with ?.\nNote that include statements only accept relation fields.","service":"user-service"}
{"level":"error","message":"Erro ao obter posts: \nInvalid `prisma.post.findFirst()` invocation:\n\n{\n  where: {\n    slug: \"construindo-spa-com-vuejs\"\n  },\n  include: {\n    author: true,\n    comments: {\n      include: {\n        parentId: true,\n        ~~~~~~~~\n        author: {\n          include: {\n            username: true,\n            avatar: true\n          }\n        },\n?       post?: true,\n?       author?: true,\n?       parent?: true,\n?       children?: true\n      }\n    }\n  }\n}\n\nInvalid scalar field `parentId` for include statement on model Comment. Available options are marked with ?.\nNote that include statements only accept relation fields.","service":"user-service"}
{"level":"error","message":"Erro ao obter posts: \nInvalid `prisma.post.findFirst()` invocation:\n\n{\n  where: {\n    slug: \"construindo-spa-com-vuejs\"\n  },\n  include: {\n    author: true,\n    comments: {\n      include: {\n        author: {\n          include: {\n            username: true,\n            ~~~~~~~~\n            avatar: true,\n?           posts?: true,\n?           comments?: true\n          }\n        }\n      }\n    }\n  }\n}\n\nInvalid scalar field `username` for include statement on model Author. Available options are marked with ?.\nNote that include statements only accept relation fields.","service":"user-service"}
{"level":"error","message":"Erro ao obter posts: \nInvalid `prisma.post.findFirst()` invocation:\n\n{\n  where: {\n    slug: \"construindo-spa-com-vuejs\"\n  },\n  include: {\n    author: true,\n    comments: {\n      include: {\n        author: true,\n        parentId: true,\n        ~~~~~~~~\n?       post?: true,\n?       author?: true,\n?       parent?: true,\n?       children?: true\n      }\n    }\n  }\n}\n\nInvalid scalar field `parentId` for include statement on model Comment. Available options are marked with ?.\nNote that include statements only accept relation fields.","service":"user-service"}
{"level":"info","message":"Posts obtidos com sucesso","service":"user-service"}
{"level":"info","message":"Posts obtidos com sucesso","service":"user-service"}
{"level":"info","message":"Posts obtidos com sucesso","service":"user-service"}
{"level":"info","message":"Posts obtidos com sucesso","service":"user-service"}
{"level":"info","message":"Posts obtidos com sucesso","service":"user-service"}
{"level":"info","message":"Posts obtidos com sucesso","service":"user-service"}
{"level":"info","message":"Posts obtidos com sucesso","service":"user-service"}
{"level":"info","message":"Posts obtidos com sucesso","service":"user-service"}
{"level":"error","message":"Erro ao obter posts: \nInvalid `prisma.post.findFirst()` invocation:\n\n{\n  where: {\n    slug: \"construindo-spa-com-vuejs\"\n  },\n  include: {\n    author: true,\n    comments: {\n      include: {\n        author: true,\n        parentId: true,\n        ~~~~~~~~\n?       post?: true,\n?       author?: true,\n?       parent?: true,\n?       children?: true\n      }\n    }\n  }\n}\n\nInvalid scalar field `parentId` for include statement on model Comment. Available options are marked with ?.\nNote that include statements only accept relation fields.","service":"user-service"}
{"level":"info","message":"Posts obtidos com sucesso","service":"user-service"}
{"level":"info","message":"Posts obtidos com sucesso","service":"user-service"}
{"level":"info","message":"Posts obtidos com sucesso","service":"user-service"}
{"level":"info","message":"Posts obtidos com sucesso","service":"user-service"}
{"level":"info","message":"Posts obtidos com sucesso","service":"user-service"}
{"level":"info","message":"Posts obtidos com sucesso","service":"user-service"}
{"level":"info","message":"Posts obtidos com sucesso","service":"user-service"}
{"level":"info","message":"Posts obtidos com sucesso","service":"user-service"}
{"level":"info","message":"Posts obtidos com sucesso","service":"user-service"}
{"level":"error","message":"Erro ao obter posts: \nInvalid `prisma.post.findFirst()` invocation:\n\n{\n  where: {\n    slug: \"construindo-spa-com-vuejs\"\n  },\n  include: {\n    author: true,\n    comments: {\n      include: {\n        author: true,\n        parentId: true,\n        ~~~~~~~~\n        postId: true,\n?       post?: true,\n?       author?: true,\n?       parent?: true,\n?       children?: true\n      }\n    }\n  }\n}\n\nInvalid scalar field `parentId` for include statement on model Comment. Available options are marked with ?.\nNote that include statements only accept relation fields.","service":"user-service"}
{"level":"info","message":"Posts obtidos com sucesso","service":"user-service"}
{"level":"info","message":"Posts obtidos com sucesso","service":"user-service"}
{"level":"info","message":"Posts obtidos com sucesso","service":"user-service"}
{"level":"info","message":"Posts obtidos com sucesso","service":"user-service"}
{"level":"info","message":"Posts obtidos com sucesso","service":"user-service"}
{"level":"info","message":"Posts obtidos com sucesso","service":"user-service"}
{"level":"info","message":"Posts obtidos com sucesso","service":"user-service"}
{"level":"info","message":"Posts obtidos com sucesso","service":"user-service"}
{"level":"info","message":"Posts obtidos com sucesso","service":"user-service"}
{"level":"info","message":"Posts obtidos com sucesso","service":"user-service"}
{"level":"info","message":"Posts obtidos com sucesso","service":"user-service"}
{"level":"info","message":"Posts obtidos com sucesso","service":"user-service"}
{"level":"info","message":"Posts obtidos com sucesso","service":"user-service"}
{"level":"info","message":"Posts obtidos com sucesso","service":"user-service"}
{"level":"error","message":"Erro ao obter posts: \nInvalid `prisma.post.findFirst()` invocation:\n\n{\n  where: {\n    slug: \"construindo-spa-com-vuejs\"\n  },\n  include: {\n    author: true,\n    comments: {\n      where: {\n        parentId: null\n      },\n      include: {\n        author: true\n      },\n      children: {\n      ~~~~~~~~\n        include: {\n          author: true\n        }\n      },\n?     orderBy?: CommentOrderByWithRelationInput[] | CommentOrderByWithRelationInput,\n?     cursor?: CommentWhereUniqueInput,\n?     take?: Int,\n?     skip?: Int,\n?     distinct?: CommentScalarFieldEnum | CommentScalarFieldEnum[]\n    }\n  }\n}\n\nUnknown argument `children`. Available options are marked with ?.","service":"user-service"}
{"level":"info","message":"Posts obtidos com sucesso","service":"user-service"}
{"level":"info","message":"Posts obtidos com sucesso","service":"user-service"}
{"level":"info","message":"Posts obtidos com sucesso","service":"user-service"}
{"level":"info","message":"Posts obtidos com sucesso","service":"user-service"}
{"level":"info","message":"Posts obtidos com sucesso","service":"user-service"}
{"level":"info","message":"Posts obtidos com sucesso","service":"user-service"}
{"level":"info","message":"Posts obtidos com sucesso","service":"user-service"}
{"level":"info","message":"Posts obtidos com sucesso","service":"user-service"}
{"level":"info","message":"Posts obtidos com sucesso","service":"user-service"}
{"level":"info","message":"Posts obtidos com sucesso","service":"user-service"}
{"level":"info","message":"Posts obtidos com sucesso","service":"user-service"}
{"level":"info","message":"Posts obtidos com sucesso","service":"user-service"}
{"level":"info","message":"Posts obtidos com sucesso","service":"user-service"}
{"level":"info","message":"Posts obtidos com sucesso","service":"user-service"}
{"level":"info","message":"Posts obtidos com sucesso","service":"user-service"}
{"level":"info","message":"Posts obtidos com sucesso","service":"user-service"}
{"level":"info","message":"Posts obtidos com sucesso","service":"user-service"}
{"level":"info","message":"Posts obtidos com sucesso","service":"user-service"}
{"level":"info","message":"Posts obtidos com sucesso","service":"user-service"}
{"level":"info","message":"Posts obtidos com sucesso","service":"user-service"}
{"level":"info","message":"Posts obtidos com sucesso","service":"user-service"}
{"level":"info","message":"Posts obtidos com sucesso","service":"user-service"}
{"level":"info","message":"Posts obtidos com sucesso","service":"user-service"}
{"level":"info","message":"Posts obtidos com sucesso","service":"user-service"}
{"level":"info","message":"Posts obtidos com sucesso","service":"user-service"}
{"level":"info","message":"Posts obtidos com sucesso","service":"user-service"}
{"level":"info","message":"Posts obtidos com sucesso","service":"user-service"}
{"level":"info","message":"Posts obtidos com sucesso","service":"user-service"}
{"level":"info","message":"Posts obtidos com sucesso","service":"user-service"}
{"level":"info","message":"Posts obtidos com sucesso","service":"user-service"}
{"level":"info","message":"Posts obtidos com sucesso","service":"user-service"}
{"level":"info","message":"Posts obtidos com sucesso","service":"user-service"}
{"level":"info","message":"Posts obtidos com sucesso","service":"user-service"}
{"level":"info","message":"Posts obtidos com sucesso","service":"user-service"}
{"level":"info","message":"Posts obtidos com sucesso","service":"user-service"}
{"level":"info","message":"Posts obtidos com sucesso","service":"user-service"}
{"level":"info","message":"Posts obtidos com sucesso","service":"user-service"}
{"level":"info","message":"Posts obtidos com sucesso","service":"user-service"}
{"level":"info","message":"Posts obtidos com sucesso","service":"user-service"}
{"level":"info","message":"Posts obtidos com sucesso","service":"user-service"}
{"level":"info","message":"Posts obtidos com sucesso","service":"user-service"}
{"level":"info","message":"Posts obtidos com sucesso","service":"user-service"}
{"level":"info","message":"Posts obtidos com sucesso","service":"user-service"}
{"level":"info","message":"Posts obtidos com sucesso","service":"user-service"}
{"level":"info","message":"Posts obtidos com sucesso","service":"user-service"}
{"level":"info","message":"Posts obtidos com sucesso","service":"user-service"}
{"level":"info","message":"Posts obtidos com sucesso","service":"user-service"}
{"level":"info","message":"Posts obtidos com sucesso","service":"user-service"}
{"level":"info","message":"Posts obtidos com sucesso","service":"user-service"}
{"level":"info","message":"Posts obtidos com sucesso","service":"user-service"}
{"level":"info","message":"Posts obtidos com sucesso","service":"user-service"}
{"level":"info","message":"Posts obtidos com sucesso","service":"user-service"}
{"level":"info","message":"Posts obtidos com sucesso","service":"user-service"}
{"level":"info","message":"Posts obtidos com sucesso","service":"user-service"}
{"level":"info","message":"Posts obtidos com sucesso","service":"user-service"}
{"level":"info","message":"Posts obtidos com sucesso","service":"user-service"}
{"level":"info","message":"Posts obtidos com sucesso","service":"user-service"}
{"level":"info","message":"Posts obtidos com sucesso","service":"user-service"}
{"level":"info","message":"Posts obtidos com sucesso","service":"user-service"}
{"level":"info","message":"Posts obtidos com sucesso","service":"user-service"}
{"level":"info","message":"Posts obtidos com sucesso","service":"user-service"}
{"level":"info","message":"Posts obtidos com sucesso","service":"user-service"}
{"level":"info","message":"Posts obtidos com sucesso","service":"user-service"}
{"level":"info","message":"Posts obtidos com sucesso","service":"user-service"}
{"level":"info","message":"Posts obtidos com sucesso","service":"user-service"}
{"level":"info","message":"Posts obtidos com sucesso","service":"user-service"}
{"level":"info","message":"Posts obtidos com sucesso","service":"user-service"}
{"level":"info","message":"Posts obtidos com sucesso","service":"user-service"}
{"level":"info","message":"Posts obtidos com sucesso","service":"user-service"}
{"level":"info","message":"Posts obtidos com sucesso","service":"user-service"}
{"level":"info","message":"Posts obtidos com sucesso","service":"user-service"}
{"level":"info","message":"Posts obtidos com sucesso","service":"user-service"}
{"level":"info","message":"Posts obtidos com sucesso","service":"user-service"}
{"level":"info","message":"Posts obtidos com sucesso","service":"user-service"}
{"level":"info","message":"Posts obtidos com sucesso","service":"user-service"}
{"level":"info","message":"Posts obtidos com sucesso","service":"user-service"}
{"level":"info","message":"Posts obtidos com sucesso","service":"user-service"}
{"level":"info","message":"Posts obtidos com sucesso","service":"user-service"}
{"level":"info","message":"Posts obtidos com sucesso","service":"user-service"}
{"level":"info","message":"Posts obtidos com sucesso","service":"user-service"}
{"level":"info","message":"Posts obtidos com sucesso","service":"user-service"}
{"level":"info","message":"Posts obtidos com sucesso","service":"user-service"}
{"level":"info","message":"Posts obtidos com sucesso","service":"user-service"}
{"level":"info","message":"Posts obtidos com sucesso","service":"user-service"}
{"level":"info","message":"Posts obtidos com sucesso","service":"user-service"}
{"level":"info","message":"Posts obtidos com sucesso","service":"user-service"}
{"level":"info","message":"Posts obtidos com sucesso","service":"user-service"}
{"level":"info","message":"Posts obtidos com sucesso","service":"user-service"}
{"level":"info","message":"Posts obtidos com sucesso","service":"user-service"}
{"level":"info","message":"Posts obtidos com sucesso","service":"user-service"}
{"level":"info","message":"Posts obtidos com sucesso","service":"user-service"}
{"level":"info","message":"Posts obtidos com sucesso","service":"user-service"}
{"level":"info","message":"Posts obtidos com sucesso","service":"user-service"}
{"level":"info","message":"Posts obtidos com sucesso","service":"user-service"}
{"level":"info","message":"Posts obtidos com sucesso","service":"user-service"}
{"level":"info","message":"Posts obtidos com sucesso","service":"user-service"}
{"level":"info","message":"Posts obtidos com sucesso","service":"user-service"}
{"level":"info","message":"Posts obtidos com sucesso","service":"user-service"}
{"level":"info","message":"Posts obtidos com sucesso","service":"user-service"}
{"level":"info","message":"Posts obtidos com sucesso","service":"user-service"}
{"level":"info","message":"Posts obtidos com sucesso","service":"user-service"}
{"level":"info","message":"Posts obtidos com sucesso","service":"user-service"}
{"level":"info","message":"Posts obtidos com sucesso","service":"user-service"}
{"level":"info","message":"Posts obtidos com sucesso","service":"user-service"}
{"level":"info","message":"Posts obtidos com sucesso","service":"user-service"}
{"level":"info","message":"Posts obtidos com sucesso","service":"user-service"}
{"level":"info","message":"Posts obtidos com sucesso","service":"user-service"}
{"level":"info","message":"Posts obtidos com sucesso","service":"user-service"}
{"level":"info","message":"Posts obtidos com sucesso","service":"user-service"}
{"level":"info","message":"Posts obtidos com sucesso","service":"user-service"}
{"level":"info","message":"Posts obtidos com sucesso","service":"user-service"}
{"level":"info","message":"Posts obtidos com sucesso","service":"user-service"}
{"level":"info","message":"Posts obtidos com sucesso","service":"user-service"}
{"level":"info","message":"Posts obtidos com sucesso","service":"user-service"}
{"level":"info","message":"Posts obtidos com sucesso","service":"user-service"}
{"level":"info","message":"Posts obtidos com sucesso","service":"user-service"}
{"level":"info","message":"Posts obtidos com sucesso","service":"user-service"}
{"level":"info","message":"Posts obtidos com sucesso","service":"user-service"}
{"level":"info","message":"Posts obtidos com sucesso","service":"user-service"}
{"level":"info","message":"Posts obtidos com sucesso","service":"user-service"}
{"level":"info","message":"Posts obtidos com sucesso","service":"user-service"}
{"level":"info","message":"Posts obtidos com sucesso","service":"user-service"}
{"level":"info","message":"Posts obtidos com sucesso","service":"user-service"}
{"level":"info","message":"Posts obtidos com sucesso","service":"user-service"}
{"level":"info","message":"Posts obtidos com sucesso","service":"user-service"}
{"level":"info","message":"Posts obtidos com sucesso","service":"user-service"}
{"level":"info","message":"Posts obtidos com sucesso","service":"user-service"}
{"level":"info","message":"Posts obtidos com sucesso","service":"user-service"}
{"level":"info","message":"Posts obtidos com sucesso","service":"user-service"}
{"level":"info","message":"Posts obtidos com sucesso","service":"user-service"}
{"level":"info","message":"Posts obtidos com sucesso","service":"user-service"}
{"level":"info","message":"Posts obtidos com sucesso","service":"user-service"}
{"level":"info","message":"Posts obtidos com sucesso","service":"user-service"}
{"level":"info","message":"Posts obtidos com sucesso","service":"user-service"}
{"level":"info","message":"Posts obtidos com sucesso","service":"user-service"}
{"level":"info","message":"Posts obtidos com sucesso","service":"user-service"}
{"level":"info","message":"Posts obtidos com sucesso","service":"user-service"}
{"level":"info","message":"Posts obtidos com sucesso","service":"user-service"}
